<?xml version="1.0" encoding="UTF-8"?>
<!-- Generated by org.testng.reporters.JUnitXMLReporter -->
<testsuite hostname="TRICONNODE109" name="Test-Two" tests="2"
	failures="0" timestamp="14 Oct 2015 11:28:03 GMT" time="27.088" errors="0">
	<testcase name="Newusertest" time="8.988"
		classname="coms.bidapp.Register_N_numberofusers" />
	<testcase name="Newusertest" time="12.854"
		classname="coms.bidapp.Register_N_numberofusers" />
</testsuite> <!-- Test-Two -->
