<?xml version="1.0" encoding="UTF-8"?>
<!-- Generated by org.testng.reporters.JUnitReportReporter -->
<testsuite hostname="TRICONNODE109" name="src.coms.annotation.TestAnnotation" tests="5" failures="0" timestamp="29 Apr 2016 08:14:26 GMT" time="0.000" errors="0">
  <testcase name="testCount" time="0.000" classname="src.coms.annotation.TestAnnotation"/>
  <testcase name="testCount" time="0.000" classname="src.coms.annotation.TestAnnotation"/>
  <testcase name="testCount" time="0.000" classname="src.coms.annotation.TestAnnotation"/>
  <testcase name="testCount" time="0.000" classname="src.coms.annotation.TestAnnotation"/>
  <testcase name="testCount" time="0.000" classname="src.coms.annotation.TestAnnotation"/>
</testsuite> <!-- src.coms.annotation.TestAnnotation -->
