<?xml version="1.0" encoding="UTF-8"?>
<!-- Generated by org.testng.reporters.JUnitReportReporter -->
<testsuite hostname="TRICONNODE109" name="coms.mails.EmailService" tests="1" failures="0" timestamp="14 Oct 2015 11:39:08 GMT" time="0.906" errors="0">
  <testcase name="test" time="0.906" classname="coms.mails.EmailService"/>
</testsuite> <!-- coms.mails.EmailService -->
