<?xml version="1.0" encoding="UTF-8"?>
<!-- Generated by org.testng.reporters.JUnitReportReporter -->
<testsuite hostname="TRICONNODE109" name="src.coms.bidapp.Register_N_numberofusers" tests="2" failures="0" timestamp="16 Oct 2015 07:59:27 GMT" time="90.894" errors="0">
  <testcase name="Newusertest" time="58.238" classname="src.coms.bidapp.Register_N_numberofusers"/>
  <testcase name="Newusertest" time="32.656" classname="src.coms.bidapp.Register_N_numberofusers"/>
</testsuite> <!-- src.coms.bidapp.Register_N_numberofusers -->
