<?xml version="1.0" encoding="UTF-8"?>
<!-- Generated by org.testng.reporters.JUnitReportReporter -->
<testsuite hostname="TRICONNODE109" name="src.coms.mails.EmailService" tests="1" failures="0" timestamp="19 Oct 2015 09:15:18 GMT" time="1.433" errors="0">
  <testcase name="test" time="1.433" classname="src.coms.mails.EmailService"/>
</testsuite> <!-- src.coms.mails.EmailService -->
