<?xml version="1.0" encoding="UTF-8"?>
<!-- Generated by org.testng.reporters.JUnitReportReporter -->
<testsuite hostname="TRICONNODE109" name="coms.annotation.TestAnnotation" tests="48" failures="0" timestamp="14 Oct 2015 11:39:08 GMT" time="0.015" errors="0">
  <testcase name="testCount" time="0.000" classname="coms.annotation.TestAnnotation"/>
  <testcase name="testCount" time="0.000" classname="coms.annotation.TestAnnotation"/>
  <testcase name="testCount" time="0.000" classname="coms.annotation.TestAnnotation"/>
  <testcase name="testCount" time="0.000" classname="coms.annotation.TestAnnotation"/>
  <testcase name="testCount" time="0.000" classname="coms.annotation.TestAnnotation"/>
  <testcase name="testCount" time="0.000" classname="coms.annotation.TestAnnotation"/>
  <testcase name="testCount" time="0.000" classname="coms.annotation.TestAnnotation"/>
  <testcase name="testCount" time="0.000" classname="coms.annotation.TestAnnotation"/>
  <testcase name="testCount" time="0.000" classname="coms.annotation.TestAnnotation"/>
  <testcase name="testCount" time="0.000" classname="coms.annotation.TestAnnotation"/>
  <testcase name="testCount" time="0.000" classname="coms.annotation.TestAnnotation"/>
  <testcase name="testCount" time="0.015" classname="coms.annotation.TestAnnotation"/>
  <testcase name="testCount" time="0.000" classname="coms.annotation.TestAnnotation"/>
  <testcase name="testCount" time="0.000" classname="coms.annotation.TestAnnotation"/>
  <testcase name="testCount" time="0.000" classname="coms.annotation.TestAnnotation"/>
  <testcase name="testCount" time="0.000" classname="coms.annotation.TestAnnotation"/>
  <testcase name="testCount" time="0.000" classname="coms.annotation.TestAnnotation"/>
  <testcase name="testCount" time="0.000" classname="coms.annotation.TestAnnotation"/>
  <testcase name="testCount" time="0.000" classname="coms.annotation.TestAnnotation"/>
  <testcase name="testCount" time="0.000" classname="coms.annotation.TestAnnotation"/>
  <testcase name="testCount" time="0.000" classname="coms.annotation.TestAnnotation"/>
  <testcase name="testCount" time="0.000" classname="coms.annotation.TestAnnotation"/>
  <testcase name="testCount" time="0.000" classname="coms.annotation.TestAnnotation"/>
  <testcase name="testCount" time="0.000" classname="coms.annotation.TestAnnotation"/>
  <testcase name="testCount" time="0.000" classname="coms.annotation.TestAnnotation"/>
  <testcase name="testCount" time="0.000" classname="coms.annotation.TestAnnotation"/>
  <testcase name="testCount" time="0.000" classname="coms.annotation.TestAnnotation"/>
  <testcase name="testCount" time="0.000" classname="coms.annotation.TestAnnotation"/>
  <testcase name="testCount" time="0.000" classname="coms.annotation.TestAnnotation"/>
  <testcase name="testCount" time="0.000" classname="coms.annotation.TestAnnotation"/>
  <testcase name="testCount" time="0.000" classname="coms.annotation.TestAnnotation"/>
  <testcase name="testCount" time="0.000" classname="coms.annotation.TestAnnotation"/>
  <testcase name="testCount" time="0.000" classname="coms.annotation.TestAnnotation"/>
  <testcase name="testCount" time="0.000" classname="coms.annotation.TestAnnotation"/>
  <testcase name="testCount" time="0.000" classname="coms.annotation.TestAnnotation"/>
  <testcase name="testCount" time="0.000" classname="coms.annotation.TestAnnotation"/>
  <testcase name="testCount" time="0.000" classname="coms.annotation.TestAnnotation"/>
  <testcase name="testCount" time="0.000" classname="coms.annotation.TestAnnotation"/>
  <testcase name="testCount" time="0.000" classname="coms.annotation.TestAnnotation"/>
  <testcase name="testCount" time="0.000" classname="coms.annotation.TestAnnotation"/>
  <testcase name="testCount" time="0.000" classname="coms.annotation.TestAnnotation"/>
  <testcase name="testCount" time="0.000" classname="coms.annotation.TestAnnotation"/>
  <testcase name="testCount" time="0.000" classname="coms.annotation.TestAnnotation"/>
  <testcase name="testCount" time="0.000" classname="coms.annotation.TestAnnotation"/>
  <testcase name="testCount" time="0.000" classname="coms.annotation.TestAnnotation"/>
  <testcase name="testCount" time="0.000" classname="coms.annotation.TestAnnotation"/>
  <testcase name="testCount" time="0.000" classname="coms.annotation.TestAnnotation"/>
  <testcase name="testCount" time="0.000" classname="coms.annotation.TestAnnotation"/>
</testsuite> <!-- coms.annotation.TestAnnotation -->
